<?xml version="1.0" encoding="UTF-8"?>
<testsuite xmlns:xsi="http://www.w3.org/2001/XMLSchema-instance" xsi:noNamespaceSchemaLocation="https://maven.apache.org/surefire/maven-surefire-plugin/xsd/surefire-test-report-3.0.xsd" version="3.0" name="catering.businesslogic.kitchen.SummarySheetTest" time="11.093" tests="2" errors="0" skipped="0" failures="0">
  <properties>
    <property name="java.specification.version" value="23"/>
    <property name="sun.cpu.isalist" value="amd64"/>
    <property name="sun.jnu.encoding" value="Cp1252"/>
    <property name="java.class.path" value="E:\Documenti\Documenti\Personal Docs\Projects\UNITO-SAS\UNITO-SAS\catering\target\test-classes;E:\Documenti\Documenti\Personal Docs\Projects\UNITO-SAS\UNITO-SAS\catering\target\classes;C:\Users\Casel\.m2\repository\org\xerial\sqlite-jdbc\3.49.1.0\sqlite-jdbc-3.49.1.0.jar;C:\Users\Casel\.m2\repository\org\junit\jupiter\junit-jupiter-api\5.12.2\junit-jupiter-api-5.12.2.jar;C:\Users\Casel\.m2\repository\org\opentest4j\opentest4j\1.3.0\opentest4j-1.3.0.jar;C:\Users\Casel\.m2\repository\org\junit\platform\junit-platform-commons\1.12.2\junit-platform-commons-1.12.2.jar;C:\Users\Casel\.m2\repository\org\apiguardian\apiguardian-api\1.1.2\apiguardian-api-1.1.2.jar;C:\Users\Casel\.m2\repository\org\junit\jupiter\junit-jupiter-engine\5.12.2\junit-jupiter-engine-5.12.2.jar;C:\Users\Casel\.m2\repository\org\junit\platform\junit-platform-engine\1.12.2\junit-platform-engine-1.12.2.jar;C:\Users\Casel\.m2\repository\org\projectlombok\lombok\1.18.30\lombok-1.18.30.jar;"/>
    <property name="java.vm.vendor" value="Oracle Corporation"/>
    <property name="sun.arch.data.model" value="64"/>
    <property name="user.variant" value=""/>
    <property name="java.vendor.url" value="https://java.oracle.com/"/>
    <property name="user.timezone" value="Europe/Rome"/>
    <property name="os.name" value="Windows 11"/>
    <property name="java.vm.specification.version" value="23"/>
    <property name="sun.java.launcher" value="SUN_STANDARD"/>
    <property name="user.country" value="IT"/>
    <property name="sun.boot.library.path" value="C:\Program Files\Java\jdk-23\bin"/>
    <property name="sun.java.command" value="C:\Users\Casel\AppData\Local\Temp\surefire3307016006760881378\surefirebooter-20250626121419779_3.jar C:\Users\Casel\AppData\Local\Temp\surefire3307016006760881378 2025-06-26T12-14-19_141-jvmRun1 surefire-20250626121419779_1tmp surefire_0-20250626121419779_2tmp"/>
    <property name="jdk.debug" value="release"/>
    <property name="surefire.test.class.path" value="E:\Documenti\Documenti\Personal Docs\Projects\UNITO-SAS\UNITO-SAS\catering\target\test-classes;E:\Documenti\Documenti\Personal Docs\Projects\UNITO-SAS\UNITO-SAS\catering\target\classes;C:\Users\Casel\.m2\repository\org\xerial\sqlite-jdbc\3.49.1.0\sqlite-jdbc-3.49.1.0.jar;C:\Users\Casel\.m2\repository\org\junit\jupiter\junit-jupiter-api\5.12.2\junit-jupiter-api-5.12.2.jar;C:\Users\Casel\.m2\repository\org\opentest4j\opentest4j\1.3.0\opentest4j-1.3.0.jar;C:\Users\Casel\.m2\repository\org\junit\platform\junit-platform-commons\1.12.2\junit-platform-commons-1.12.2.jar;C:\Users\Casel\.m2\repository\org\apiguardian\apiguardian-api\1.1.2\apiguardian-api-1.1.2.jar;C:\Users\Casel\.m2\repository\org\junit\jupiter\junit-jupiter-engine\5.12.2\junit-jupiter-engine-5.12.2.jar;C:\Users\Casel\.m2\repository\org\junit\platform\junit-platform-engine\1.12.2\junit-platform-engine-1.12.2.jar;C:\Users\Casel\.m2\repository\org\projectlombok\lombok\1.18.30\lombok-1.18.30.jar;"/>
    <property name="sun.cpu.endian" value="little"/>
    <property name="user.home" value="C:\Users\Casel"/>
    <property name="user.language" value="it"/>
    <property name="java.specification.vendor" value="Oracle Corporation"/>
    <property name="java.version.date" value="2024-09-17"/>
    <property name="java.home" value="C:\Program Files\Java\jdk-23"/>
    <property name="file.separator" value="\"/>
    <property name="basedir" value="E:\Documenti\Documenti\Personal Docs\Projects\UNITO-SAS\UNITO-SAS\catering"/>
    <property name="java.vm.compressedOopsMode" value="Zero based"/>
    <property name="line.separator" value="&#10;"/>
    <property name="java.vm.specification.vendor" value="Oracle Corporation"/>
    <property name="java.specification.name" value="Java Platform API Specification"/>
    <property name="surefire.real.class.path" value="C:\Users\Casel\AppData\Local\Temp\surefire3307016006760881378\surefirebooter-20250626121419779_3.jar"/>
    <property name="user.script" value=""/>
    <property name="sun.management.compiler" value="HotSpot 64-Bit Tiered Compilers"/>
    <property name="java.runtime.version" value="23+37-2369"/>
    <property name="user.name" value="Casel"/>
    <property name="stdout.encoding" value="Cp1252"/>
    <property name="path.separator" value=";"/>
    <property name="os.version" value="10.0"/>
    <property name="java.runtime.name" value="Java(TM) SE Runtime Environment"/>
    <property name="file.encoding" value="UTF-8"/>
    <property name="java.vm.name" value="Java HotSpot(TM) 64-Bit Server VM"/>
    <property name="localRepository" value="C:\Users\Casel\.m2\repository"/>
    <property name="java.vendor.url.bug" value="https://bugreport.java.com/bugreport/"/>
    <property name="java.io.tmpdir" value="C:\Users\Casel\AppData\Local\Temp\"/>
    <property name="idea.version" value="2024.2.2"/>
    <property name="java.version" value="23"/>
    <property name="user.dir" value="E:\Documenti\Documenti\Personal Docs\Projects\UNITO-SAS\UNITO-SAS\catering"/>
    <property name="os.arch" value="amd64"/>
    <property name="java.vm.specification.name" value="Java Virtual Machine Specification"/>
    <property name="sun.os.patch.level" value=""/>
    <property name="native.encoding" value="Cp1252"/>
    <property name="java.library.path" value="C:\Program Files\Java\jdk-23\bin;C:\WINDOWS\Sun\Java\bin;C:\WINDOWS\system32;C:\WINDOWS;C:\Program Files\Common Files\Oracle\Java\javapath;C:\Program Files\Microsoft MPI\Bin\;C:\WINDOWS\system32;C:\WINDOWS;C:\WINDOWS\System32\Wbem;C:\WINDOWS\System32\WindowsPowerShell\v1.0\;C:\WINDOWS\System32\OpenSSH\;C:\ProgramData\chocolatey\bin;C:\Program Files\nodejs\;C:\Program Files\Microsoft VS Code\bin;C:\Program Files\NVIDIA Corporation\NVIDIA App\NvDLISR;C:\Program Files (x86)\NVIDIA Corporation\PhysX\Common;C:\Program Files\dotnet\;C:\Users\Casel\AppData\Local\Programs\Python\Python313\Scripts\;C:\Users\Casel\AppData\Local\Programs\Python\Python313\;C:\Users\Casel\AppData\Local\Microsoft\WindowsApps;C:\Users\Casel\AppData\Roaming\npm;C:\Users\Casel\AppData\Local\GitHubDesktop\bin;C:\Program Files\JetBrains\PyCharm 2024.3\bin;;C:\Program Files\JetBrains\WebStorm 2024.3.1\bin;;C:\Users\Casel\AppData\Local\Programs\mongosh\;C:\Program Files\MongoDB\Tools\100\bin;;."/>
    <property name="java.vm.info" value="mixed mode, sharing"/>
    <property name="stderr.encoding" value="Cp1252"/>
    <property name="java.vendor" value="Oracle Corporation"/>
    <property name="java.vm.version" value="23+37-2369"/>
    <property name="sun.io.unicode.encoding" value="UnicodeLittle"/>
    <property name="java.class.version" value="67.0"/>
  </properties>
  <testcase name="testSummarySheetCreation" classname="catering.businesslogic.kitchen.SummarySheetTest" time="1.01">
    <system-err><![CDATA[2025-06-26 12:14:29.119 [INFO] catering.persistence.PersistenceManager: Database initialized successfully from database/catering_init_sqlite.sql
2025-06-26 12:14:29.126 [INFO] catering.businesslogic.shift.Shift: Loading all shifts from database
2025-06-26 12:14:29.132 [INFO] catering.businesslogic.shift.Shift: Loaded 0 shifts
2025-06-26 12:14:29.189 [INFO] catering.businesslogic.staffmember.StaffMemberManager: Attempting login for user: antonio.neri@example.com
2025-06-26 12:14:29.190 [INFO] catering.businesslogic.staffmember.StaffMemberManager: StaffMember successfully logged in: antonio.neri@example.com
2025-06-26 12:14:29.192 [INFO] catering.businesslogic.kitchen.SummarySheetTest: Testing summary sheet creation
2025-06-26 12:14:30.139 [INFO] catering.businesslogic.kitchen.SummarySheetTest: Created summary sheet: 

SummarySheet [ID: 0, Owner: antonio.neri@example.com, Service: Pranzo Buffet Aziendale, Tasks: 9, Assignments: 0]

Tasks:
  1. [ ] Caprese
  2. [ ] Prosciutto e Melone
  3. [ ] Spaghetti alla Carbonara
  4. [ ] Salsa carbonara
  5. [ ] Ossobuco alla Milanese
  6. [ ] Brodo di carne
  7. [ ] Gremolata
  8. [ ] Panna Cotta
  9. [ ] Gelato Artigianale
]]></system-err>
  </testcase>
  <testcase name="testTaskAssignment" classname="catering.businesslogic.kitchen.SummarySheetTest" time="1.163">
    <system-err><![CDATA[2025-06-26 12:14:30.178 [INFO] catering.businesslogic.staffmember.StaffMemberManager: Attempting login for user: antonio.neri@example.com
2025-06-26 12:14:30.179 [INFO] catering.businesslogic.staffmember.StaffMemberManager: StaffMember successfully logged in: antonio.neri@example.com
2025-06-26 12:14:30.179 [INFO] catering.businesslogic.kitchen.SummarySheetTest: Testing task assignment to cook
2025-06-26 12:14:31.221 [INFO] catering.businesslogic.shift.Shift: Added booking for user luca.verdi@example.com to shift ID 0
2025-06-26 12:14:31.309 [INFO] catering.businesslogic.kitchen.SummarySheetTest: Successfully assigned task. Assignment details: Task: Caprese, Cook: luca.verdi@example.com, Shift: 2025-04-07 09:00:00-14:00:00
2025-06-26 12:14:31.309 [INFO] catering.businesslogic.kitchen.SummarySheetTest: 

SummarySheet [ID: 0, Owner: antonio.neri@example.com, Service: Pranzo Buffet Aziendale, Tasks: 9, Assignments: 1]

Tasks:
  1. [ ] Caprese
  2. [ ] Prosciutto e Melone
  3. [ ] Spaghetti alla Carbonara
  4. [ ] Salsa carbonara
  5. [ ] Ossobuco alla Milanese
  6. [ ] Brodo di carne
  7. [ ] Gremolata
  8. [ ] Panna Cotta
  9. [ ] Gelato Artigianale

Assignments:
  1. Task: Caprese, Cook: luca.verdi@example.com, Shift: 2025-04-07 (09:00:00-14:00:00)
]]></system-err>
  </testcase>
</testsuite>